<?xml version="1.0" encoding="UTF-8"?>
<!-- Generated by org.testng.reporters.JUnitReportReporter -->
<testsuite hostname="DESKTOP-592DUJN" name="TestNG.Execution" tests="1" failures="0" timestamp="27 Feb 2021 13:19:27 GMT" time="76.542" errors="0">
  <testcase name="Executionclass" time="76.542" classname="TestNG.Execution"/>
</testsuite> <!-- TestNG.Execution -->
